<?xml version="1.0" encoding="UTF-8"?>
<!-- Generated by org.testng.reporters.JUnitReportReporter -->
<testsuite hostname="DESKTOP-HJ8UUA1" failures="0" tests="1" name="test.Evaly_signin" time="25.645" errors="0" timestamp="2024-05-15T15:17:33 BDT" skipped="0">
  <testcase classname="test.Evaly_signin" name="test" time="25.645"/>
  <system-out/>
</testsuite> <!-- test.Evaly_signin -->
