<?xml version="1.0" encoding="UTF-8"?>
<!-- Generated by org.testng.reporters.JUnitReportReporter -->
<testsuite hostname="DESKTOP-HJ8UUA1" failures="0" tests="4" name="test.Search_and_addToCart" time="47.819" errors="0" timestamp="2024-05-15T18:33:27 BDT" skipped="0">
  <testcase classname="test.Search_and_addToCart" name="search_product" time="27.457"/>
  <system-out/>
  <testcase classname="test.Search_and_addToCart" name="checkout" time="3.243"/>
  <system-out/>
  <testcase classname="test.Search_and_addToCart" name="signin" time="10.349"/>
  <system-out/>
  <testcase classname="test.Search_and_addToCart" name="placeOrder" time="6.770"/>
  <system-out/>
</testsuite> <!-- test.Search_and_addToCart -->
