<?xml version="1.0" encoding="UTF-8"?>
<!-- Generated by org.testng.reporters.JUnitReportReporter -->
<testsuite hostname="DESKTOP-HJ8UUA1" failures="0" tests="1" name="test.Demo" time="11.343" errors="0" timestamp="2024-05-14T13:39:30 BDT" skipped="0">
  <testcase classname="test.Demo" name="test" time="11.343"/>
  <system-out/>
</testsuite> <!-- test.Demo -->
