<?xml version="1.0" encoding="UTF-8"?>
<!-- Generated by org.testng.reporters.JUnitReportReporter -->
<testsuite hostname="DESKTOP-HJ8UUA1" failures="0" tests="1" name="test.Evaly" time="34.533" errors="0" timestamp="2024-05-15T12:48:29 BDT" skipped="0">
  <testcase classname="test.Evaly" name="test" time="34.533"/>
  <system-out/>
</testsuite> <!-- test.Evaly -->
